<?xml version="1.0" encoding="UTF-8"?>
<!-- Generated by org.testng.reporters.JUnitReportReporter -->
<testsuite skipped="0" hostname="DESKTOP-GEB72TL" name="com.ww.assessment.jyostna.com.questions.TestLanch" tests="1" failures="0" timestamp="2020-01-13T23:10:11 EST" time="11.561" errors="0">
  <testcase name="testLandingPage" time="11.561" classname="com.ww.assessment.jyostna.com.questions.TestLanch"/>
  <system-out/>
</testsuite> <!-- com.ww.assessment.jyostna.com.questions.TestLanch -->
