<?xml version="1.0" encoding="UTF-8"?>
<!-- Generated by org.testng.reporters.JUnitReportReporter -->
<testsuite skipped="0" hostname="DESKTOP-GEB72TL" name="com.ww.assessment.jyostna.com.questions.LandingPageTest" tests="1" failures="0" timestamp="2020-01-13T00:16:55 EST" time="14.652" errors="0">
  <testcase name="landingPageTitle" time="14.652" classname="com.ww.assessment.jyostna.com.questions.LandingPageTest"/>
  <system-out/>
</testsuite> <!-- com.ww.assessment.jyostna.com.questions.LandingPageTest -->
