<?xml version="1.0" encoding="UTF-8"?>
<!-- Generated by org.testng.reporters.JUnitReportReporter -->
<testsuite skipped="0" hostname="DESKTOP-GEB72TL" name="com.ww.assessment.jyostna.com.questions.TestLanch" tests="1" failures="0" timestamp="2020-01-12T23:29:46 EST" time="12.417" errors="0">
  <testcase name="testLandingPage" time="12.417" classname="com.ww.assessment.jyostna.com.questions.TestLanch"/>
  <system-out/>
</testsuite> <!-- com.ww.assessment.jyostna.com.questions.TestLanch -->
