<?xml version="1.0" encoding="UTF-8"?>
<!-- Generated by org.testng.reporters.JUnitReportReporter -->
<testsuite skipped="0" hostname="DESKTOP-GEB72TL" name="com.ww.assessment.jyostna.com.questions.WebDriverTests" tests="5" failures="0" timestamp="2020-01-13T04:42:36 EST" time="18.250" errors="0">
  <testcase name="verifyLandingPageTitle" time="10.808" classname="com.ww.assessment.jyostna.com.questions.WebDriverTests"/>
  <system-out/>
  <testcase name="verifyFindAStudioPageTitle" time="4.169" classname="com.ww.assessment.jyostna.com.questions.WebDriverTests"/>
  <system-out/>
  <testcase name="verifyFindAStudioSearchResult1" time="1.820" classname="com.ww.assessment.jyostna.com.questions.WebDriverTests"/>
  <system-out/>
  <testcase name="PrintTodaysHrsOfOperation" time="0.803" classname="com.ww.assessment.jyostna.com.questions.WebDriverTests"/>
  <system-out/>
  <testcase name="printMeetings" time="0.650" classname="com.ww.assessment.jyostna.com.questions.WebDriverTests"/>
  <system-out/>
</testsuite> <!-- com.ww.assessment.jyostna.com.questions.WebDriverTests -->
